<?xml version="1.0" encoding="UTF-8"?>
<testng-results ignored="1" total="2" passed="1" failed="0" skipped="0">
  <reporter-output>
  </reporter-output>
  <suite started-at="2023-04-13T08:40:08 IST" name="Default suite" finished-at="2023-04-13T08:40:18 IST" duration-ms="9576">
    <groups>
    </groups>
    <test started-at="2023-04-13T08:40:08 IST" name="Default test" finished-at="2023-04-13T08:40:18 IST" duration-ms="9576">
      <class name="com.training.sanity.tests.SubscriptionManagementPage">
        <test-method is-config="true" signature="setUp()[pri:0, instance:com.training.sanity.tests.SubscriptionManagementPage@383bfa16]" started-at="2023-04-13T08:40:08 IST" name="setUp" finished-at="2023-04-13T08:40:16 IST" duration-ms="7695" status="PASS">
          <reporter-output>
          </reporter-output>
        </test-method> <!-- setUp -->
        <test-method is-config="true" signature="setUpBeforeClass()[pri:0, instance:com.training.sanity.tests.SubscriptionManagementPage@383bfa16]" started-at="2023-04-13T08:40:16 IST" name="setUpBeforeClass" finished-at="2023-04-13T08:40:16 IST" duration-ms="0" status="PASS">
          <reporter-output>
          </reporter-output>
        </test-method> <!-- setUpBeforeClass -->
        <test-method signature="subscriptionPage()[pri:1, instance:com.training.sanity.tests.SubscriptionManagementPage@383bfa16]" started-at="2023-04-13T08:40:16 IST" name="subscriptionPage" finished-at="2023-04-13T08:40:18 IST" duration-ms="1806" status="PASS">
          <reporter-output>
          </reporter-output>
        </test-method> <!-- subscriptionPage -->
      </class> <!-- com.training.sanity.tests.SubscriptionManagementPage -->
    </test> <!-- Default test -->
  </suite> <!-- Default suite -->
</testng-results>
