<?xml version="1.0" encoding="UTF-8"?>
<!-- Generated by org.testng.reporters.JUnitXMLReporter -->
<testsuite ignored="1" hostname="DESKTOP-ONVTQR1" failures="0" tests="1" name="Default test" time="9.576" errors="0" timestamp="2023-04-13T08:40:18 IST">
  <testcase classname="com.training.sanity.tests.SubscriptionManagementPage" name="subscriptionPage" time="1.806"/>
  <testcase classname="com.training.sanity.tests.SubscriptionManagementPage" name="validLoginTest" time="0.0">
    <ignored/>
  </testcase> <!-- validLoginTest -->
</testsuite> <!-- Default test -->
